{"meta": {"format": 3, "version": "7.10.4", "timestamp": "2025-09-12T15:09:38.802790", "branch_coverage": false, "show_contexts": false}, "files": {"src/linear_regression.py": {"executed_lines": [1, 8, 11, 19, 22, 30], "summary": {"covered_lines": 5, "num_statements": 5, "percent_covered": 100.0, "percent_covered_display": "100", "missing_lines": 0, "excluded_lines": 0}, "missing_lines": [], "excluded_lines": [], "functions": {"estimate_price": {"executed_lines": [19], "summary": {"covered_lines": 1, "num_statements": 1, "percent_covered": 100.0, "percent_covered_display": "100", "missing_lines": 0, "excluded_lines": 0}, "missing_lines": [], "excluded_lines": []}, "estimate_price": {"executed_lines": [30], "summary": {"covered_lines": 1, "num_statements": 1, "percent_covered": 100.0, "percent_covered_display": "100", "missing_lines": 0, "excluded_lines": 0}, "missing_lines": [], "excluded_lines": []}, "": {"executed_lines": [1, 8, 11, 22], "summary": {"covered_lines": 3, "num_statements": 3, "percent_covered": 100.0, "percent_covered_display": "100", "missing_lines": 0, "excluded_lines": 0}, "missing_lines": [], "excluded_lines": []}}, "classes": {"": {"executed_lines": [1, 8, 11, 19, 22, 30], "summary": {"covered_lines": 5, "num_statements": 5, "percent_covered": 100.0, "percent_covered_display": "100", "missing_lines": 0, "excluded_lines": 0}, "missing_lines": [], "excluded_lines": []}}}, "src/metrics.py": {"executed_lines": [1, 8, 11, 14, 17, 20, 23, 26, 34, 35, 37, 38, 40, 41, 43, 45, 46, 48, 49, 52, 60, 62, 64, 66, 68, 70, 72, 74, 76, 78, 79, 82, 84, 86, 88, 92, 95], "summary": {"covered_lines": 33, "num_statements": 33, "percent_covered": 100.0, "percent_covered_display": "100", "missing_lines": 0, "excluded_lines": 4}, "missing_lines": [], "excluded_lines": [38, 40, 95, 96], "functions": {"read_theta": {"executed_lines": [34, 35, 37, 38, 40, 41, 43, 45, 46, 48, 49], "summary": {"covered_lines": 9, "num_statements": 9, "percent_covered": 100.0, "percent_covered_display": "100", "missing_lines": 0, "excluded_lines": 2}, "missing_lines": [], "excluded_lines": [38, 40]}, "evaluate": {"executed_lines": [60, 62, 64, 66, 68, 70, 72, 74, 76, 78, 79], "summary": {"covered_lines": 11, "num_statements": 11, "percent_covered": 100.0, "percent_covered_display": "100", "missing_lines": 0, "excluded_lines": 0}, "missing_lines": [], "excluded_lines": []}, "main": {"executed_lines": [84, 86, 88], "summary": {"covered_lines": 3, "num_statements": 3, "percent_covered": 100.0, "percent_covered_display": "100", "missing_lines": 0, "excluded_lines": 0}, "missing_lines": [], "excluded_lines": []}, "": {"executed_lines": [1, 8, 11, 14, 17, 20, 23, 26, 52, 82, 92, 95], "summary": {"covered_lines": 10, "num_statements": 10, "percent_covered": 100.0, "percent_covered_display": "100", "missing_lines": 0, "excluded_lines": 2}, "missing_lines": [], "excluded_lines": [95, 96]}}, "classes": {"": {"executed_lines": [1, 8, 11, 14, 17, 20, 23, 26, 34, 35, 37, 38, 40, 41, 43, 45, 46, 48, 49, 52, 60, 62, 64, 66, 68, 70, 72, 74, 76, 78, 79, 82, 84, 86, 88, 92, 95], "summary": {"covered_lines": 33, "num_statements": 33, "percent_covered": 100.0, "percent_covered_display": "100", "missing_lines": 0, "excluded_lines": 4}, "missing_lines": [], "excluded_lines": [38, 40, 95, 96]}}}, "src/predict/__init__.py": {"executed_lines": [1], "summary": {"covered_lines": 0, "num_statements": 0, "percent_covered": 100.0, "percent_covered_display": "100", "missing_lines": 0, "excluded_lines": 0}, "missing_lines": [], "excluded_lines": [], "functions": {"": {"executed_lines": [], "summary": {"covered_lines": 0, "num_statements": 0, "percent_covered": 100.0, "percent_covered_display": "100", "missing_lines": 0, "excluded_lines": 0}, "missing_lines": [], "excluded_lines": []}}, "classes": {"": {"executed_lines": [], "summary": {"covered_lines": 0, "num_statements": 0, "percent_covered": 100.0, "percent_covered_display": "100", "missing_lines": 0, "excluded_lines": 0}, "missing_lines": [], "excluded_lines": []}}}, "src/predict/__main__.py": {"executed_lines": [2, 7, 10, 14, 17, 21, 22, 23, 24, 25, 26, 27, 28, 32], "summary": {"covered_lines": 8, "num_statements": 8, "percent_covered": 100.0, "percent_covered_display": "100", "missing_lines": 0, "excluded_lines": 6}, "missing_lines": [], "excluded_lines": [22, 23, 25, 26, 32, 34], "functions": {"main": {"executed_lines": [17, 21, 22, 23, 24, 25, 26, 27, 28], "summary": {"covered_lines": 5, "num_statements": 5, "percent_covered": 100.0, "percent_covered_display": "100", "missing_lines": 0, "excluded_lines": 4}, "missing_lines": [], "excluded_lines": [22, 23, 25, 26]}, "": {"executed_lines": [2, 7, 10, 14, 32], "summary": {"covered_lines": 3, "num_statements": 3, "percent_covered": 100.0, "percent_covered_display": "100", "missing_lines": 0, "excluded_lines": 2}, "missing_lines": [], "excluded_lines": [32, 34]}}, "classes": {"": {"executed_lines": [2, 7, 10, 14, 17, 21, 22, 23, 24, 25, 26, 27, 28, 32], "summary": {"covered_lines": 8, "num_statements": 8, "percent_covered": 100.0, "percent_covered_display": "100", "missing_lines": 0, "excluded_lines": 6}, "missing_lines": [], "excluded_lines": [22, 23, 25, 26, 32, 34]}}}, "src/predict/predict.py": {"executed_lines": [1, 4, 7, 10, 13, 16, 19, 23, 26, 31, 33, 35, 38, 42, 43, 45, 46, 48, 50, 52, 54, 55, 57, 60, 63, 65, 67, 68, 69, 70, 71, 72, 73, 75, 76, 78, 80, 82, 84, 86, 89, 91, 93, 95, 97, 99, 100, 102, 104, 107, 110, 111, 112, 114, 115, 117, 119, 122, 125, 126, 129, 132, 144, 146, 147, 149, 151, 153, 155, 157, 159, 161, 163, 166, 171, 173, 174, 176, 177, 180, 184, 193, 194, 196, 198, 200, 202, 206], "summary": {"covered_lines": 87, "num_statements": 87, "percent_covered": 100.0, "percent_covered_display": "100", "missing_lines": 0, "excluded_lines": 0}, "missing_lines": [], "excluded_lines": [], "functions": {"build_parser": {"executed_lines": [26, 31, 33, 35], "summary": {"covered_lines": 4, "num_statements": 4, "percent_covered": 100.0, "percent_covered_display": "100", "missing_lines": 0, "excluded_lines": 0}, "missing_lines": [], "excluded_lines": []}, "_prompt_mileage": {"executed_lines": [42, 43, 45, 46, 48, 50, 52, 54, 55, 57], "summary": {"covered_lines": 10, "num_statements": 10, "percent_covered": 100.0, "percent_covered_display": "100", "missing_lines": 0, "excluded_lines": 0}, "missing_lines": [], "excluded_lines": []}, "parse_args": {"executed_lines": [63, 65, 67, 68, 69, 70, 71, 72, 73, 75, 76, 78, 80, 82, 84, 86], "summary": {"covered_lines": 16, "num_statements": 16, "percent_covered": 100.0, "percent_covered_display": "100", "missing_lines": 0, "excluded_lines": 0}, "missing_lines": [], "excluded_lines": []}, "_read_theta": {"executed_lines": [91, 93, 95, 97, 99, 100, 102, 104], "summary": {"covered_lines": 8, "num_statements": 8, "percent_covered": 100.0, "percent_covered_display": "100", "missing_lines": 0, "excluded_lines": 0}, "missing_lines": [], "excluded_lines": []}, "_parse_float": {"executed_lines": [110, 111, 112, 114, 115, 117, 119], "summary": {"covered_lines": 7, "num_statements": 7, "percent_covered": 100.0, "percent_covered_display": "100", "missing_lines": 0, "excluded_lines": 0}, "missing_lines": [], "excluded_lines": []}, "_maybe_float": {"executed_lines": [125, 126, 129], "summary": {"covered_lines": 3, "num_statements": 3, "percent_covered": 100.0, "percent_covered_display": "100", "missing_lines": 0, "excluded_lines": 0}, "missing_lines": [], "excluded_lines": []}, "load_theta": {"executed_lines": [144, 146, 147, 149, 151, 153, 155, 157, 159, 161, 163], "summary": {"covered_lines": 11, "num_statements": 11, "percent_covered": 100.0, "percent_covered_display": "100", "missing_lines": 0, "excluded_lines": 0}, "missing_lines": [], "excluded_lines": []}, "_warn_outside": {"executed_lines": [171, 173, 174, 176, 177], "summary": {"covered_lines": 5, "num_statements": 5, "percent_covered": 100.0, "percent_covered_display": "100", "missing_lines": 0, "excluded_lines": 0}, "missing_lines": [], "excluded_lines": []}, "predict_price": {"executed_lines": [184, 193, 194, 196, 198, 200, 202], "summary": {"covered_lines": 7, "num_statements": 7, "percent_covered": 100.0, "percent_covered_display": "100", "missing_lines": 0, "excluded_lines": 0}, "missing_lines": [], "excluded_lines": []}, "": {"executed_lines": [1, 4, 7, 10, 13, 16, 19, 23, 38, 60, 89, 107, 122, 132, 166, 180, 206], "summary": {"covered_lines": 16, "num_statements": 16, "percent_covered": 100.0, "percent_covered_display": "100", "missing_lines": 0, "excluded_lines": 0}, "missing_lines": [], "excluded_lines": []}}, "classes": {"": {"executed_lines": [1, 4, 7, 10, 13, 16, 19, 23, 26, 31, 33, 35, 38, 42, 43, 45, 46, 48, 50, 52, 54, 55, 57, 60, 63, 65, 67, 68, 69, 70, 71, 72, 73, 75, 76, 78, 80, 82, 84, 86, 89, 91, 93, 95, 97, 99, 100, 102, 104, 107, 110, 111, 112, 114, 115, 117, 119, 122, 125, 126, 129, 132, 144, 146, 147, 149, 151, 153, 155, 157, 159, 161, 163, 166, 171, 173, 174, 176, 177, 180, 184, 193, 194, 196, 198, 200, 202, 206], "summary": {"covered_lines": 87, "num_statements": 87, "percent_covered": 100.0, "percent_covered_display": "100", "missing_lines": 0, "excluded_lines": 0}, "missing_lines": [], "excluded_lines": []}}}, "src/train/__init__.py": {"executed_lines": [1], "summary": {"covered_lines": 0, "num_statements": 0, "percent_covered": 100.0, "percent_covered_display": "100", "missing_lines": 0, "excluded_lines": 0}, "missing_lines": [], "excluded_lines": [], "functions": {"": {"executed_lines": [], "summary": {"covered_lines": 0, "num_statements": 0, "percent_covered": 100.0, "percent_covered_display": "100", "missing_lines": 0, "excluded_lines": 0}, "missing_lines": [], "excluded_lines": []}}, "classes": {"": {"executed_lines": [], "summary": {"covered_lines": 0, "num_statements": 0, "percent_covered": 100.0, "percent_covered_display": "100", "missing_lines": 0, "excluded_lines": 0}, "missing_lines": [], "excluded_lines": []}}}, "src/train/__main__.py": {"executed_lines": [1, 8, 11, 14, 17, 24, 26, 28, 30, 34, 36, 38, 41, 48, 50, 52, 54, 56, 58, 60, 63, 69, 73, 80, 88, 96, 102, 106, 113, 115, 117, 119, 121, 123, 126, 128, 130, 133, 135, 137, 143, 145, 147, 150, 160, 163], "summary": {"covered_lines": 40, "num_statements": 40, "percent_covered": 100.0, "percent_covered_display": "100", "missing_lines": 0, "excluded_lines": 6}, "missing_lines": [], "excluded_lines": [28, 30, 52, 54, 163, 165], "functions": {"_alpha_type": {"executed_lines": [24, 26, 28, 30, 34, 36, 38], "summary": {"covered_lines": 5, "num_statements": 5, "percent_covered": 100.0, "percent_covered_display": "100", "missing_lines": 0, "excluded_lines": 2}, "missing_lines": [], "excluded_lines": [28, 30]}, "_iters_type": {"executed_lines": [48, 50, 52, 54, 56, 58, 60], "summary": {"covered_lines": 5, "num_statements": 5, "percent_covered": 100.0, "percent_covered_display": "100", "missing_lines": 0, "excluded_lines": 2}, "missing_lines": [], "excluded_lines": [52, 54]}, "build_parser": {"executed_lines": [69, 73, 80, 88, 96, 102], "summary": {"covered_lines": 6, "num_statements": 6, "percent_covered": 100.0, "percent_covered_display": "100", "missing_lines": 0, "excluded_lines": 0}, "missing_lines": [], "excluded_lines": []}, "main": {"executed_lines": [113, 115, 117, 119, 121, 123, 126, 128, 130, 133, 135, 137, 143, 145, 147, 150, 160], "summary": {"covered_lines": 17, "num_statements": 17, "percent_covered": 100.0, "percent_covered_display": "100", "missing_lines": 0, "excluded_lines": 0}, "missing_lines": [], "excluded_lines": []}, "": {"executed_lines": [1, 8, 11, 14, 17, 41, 63, 106, 163], "summary": {"covered_lines": 7, "num_statements": 7, "percent_covered": 100.0, "percent_covered_display": "100", "missing_lines": 0, "excluded_lines": 2}, "missing_lines": [], "excluded_lines": [163, 165]}}, "classes": {"": {"executed_lines": [1, 8, 11, 14, 17, 24, 26, 28, 30, 34, 36, 38, 41, 48, 50, 52, 54, 56, 58, 60, 63, 69, 73, 80, 88, 96, 102, 106, 113, 115, 117, 119, 121, 123, 126, 128, 130, 133, 135, 137, 143, 145, 147, 150, 160, 163], "summary": {"covered_lines": 40, "num_statements": 40, "percent_covered": 100.0, "percent_covered_display": "100", "missing_lines": 0, "excluded_lines": 6}, "missing_lines": [], "excluded_lines": [28, 30, 52, 54, 163, 165]}}}, "src/train/train.py": {"executed_lines": [1, 8, 11, 14, 17, 20, 23, 26, 27, 28, 30, 31, 33, 34, 37, 41, 43, 46, 47, 50, 52, 54, 55, 57, 58, 59, 62, 70, 71, 73, 75, 77, 78, 80, 81, 83, 85, 86, 87, 90, 109, 111, 113, 116, 118, 124, 130, 131, 134, 135, 136, 187, 203, 205, 207, 209, 216, 217, 219, 221, 225], "summary": {"covered_lines": 58, "num_statements": 58, "percent_covered": 100.0, "percent_covered_display": "100", "missing_lines": 0, "excluded_lines": 2}, "missing_lines": [], "excluded_lines": [81, 83], "functions": {"_float_field": {"executed_lines": [26, 27, 28, 30, 31, 33, 34], "summary": {"covered_lines": 7, "num_statements": 7, "percent_covered": 100.0, "percent_covered_display": "100", "missing_lines": 0, "excluded_lines": 0}, "missing_lines": [], "excluded_lines": []}, "_valider_ligne": {"executed_lines": [41, 43, 46, 47, 50, 52, 54, 55, 57, 58, 59], "summary": {"covered_lines": 11, "num_statements": 11, "percent_covered": 100.0, "percent_covered_display": "100", "missing_lines": 0, "excluded_lines": 0}, "missing_lines": [], "excluded_lines": []}, "read_data": {"executed_lines": [70, 71, 73, 75, 77, 78, 80, 81, 83, 85, 86, 87], "summary": {"covered_lines": 10, "num_statements": 10, "percent_covered": 100.0, "percent_covered_display": "100", "missing_lines": 0, "excluded_lines": 2}, "missing_lines": [], "excluded_lines": [81, 83]}, "gradient_descent": {"executed_lines": [109, 111, 113, 116, 118, 124, 130, 131, 134, 135, 136], "summary": {"covered_lines": 11, "num_statements": 11, "percent_covered": 100.0, "percent_covered_display": "100", "missing_lines": 0, "excluded_lines": 0}, "missing_lines": [], "excluded_lines": []}, "save_theta": {"executed_lines": [203, 205, 207, 209, 216, 217, 219, 221], "summary": {"covered_lines": 8, "num_statements": 8, "percent_covered": 100.0, "percent_covered_display": "100", "missing_lines": 0, "excluded_lines": 0}, "missing_lines": [], "excluded_lines": []}, "": {"executed_lines": [1, 8, 11, 14, 17, 20, 23, 37, 62, 90, 187, 225], "summary": {"covered_lines": 11, "num_statements": 11, "percent_covered": 100.0, "percent_covered_display": "100", "missing_lines": 0, "excluded_lines": 0}, "missing_lines": [], "excluded_lines": []}}, "classes": {"": {"executed_lines": [1, 8, 11, 14, 17, 20, 23, 26, 27, 28, 30, 31, 33, 34, 37, 41, 43, 46, 47, 50, 52, 54, 55, 57, 58, 59, 62, 70, 71, 73, 75, 77, 78, 80, 81, 83, 85, 86, 87, 90, 109, 111, 113, 116, 118, 124, 130, 131, 134, 135, 136, 187, 203, 205, 207, 209, 216, 217, 219, 221, 225], "summary": {"covered_lines": 58, "num_statements": 58, "percent_covered": 100.0, "percent_covered_display": "100", "missing_lines": 0, "excluded_lines": 2}, "missing_lines": [], "excluded_lines": [81, 83]}}}}, "totals": {"covered_lines": 231, "num_statements": 231, "percent_covered": 100.0, "percent_covered_display": "100", "missing_lines": 0, "excluded_lines": 18}}